c:\users\rachelgardner\desktop\seu_beat_plane final\seu_beat_plane\seu_beat_plane\debug\seu_beat_plane.pch
c:\users\rachelgardner\desktop\seu_beat_plane final\seu_beat_plane\seu_beat_plane\debug\vc141.pdb
c:\users\rachelgardner\desktop\seu_beat_plane final\seu_beat_plane\seu_beat_plane\debug\vc141.idb
c:\users\rachelgardner\desktop\seu_beat_plane final\seu_beat_plane\seu_beat_plane\debug\stdafx.obj
c:\users\rachelgardner\desktop\seu_beat_plane final\seu_beat_plane\seu_beat_plane\debug\cbase_sprite.obj
c:\users\rachelgardner\desktop\seu_beat_plane final\seu_beat_plane\seu_beat_plane\debug\cuserplane.obj
c:\users\rachelgardner\desktop\seu_beat_plane final\seu_beat_plane\seu_beat_plane\debug\cuserbullet.obj
c:\users\rachelgardner\desktop\seu_beat_plane final\seu_beat_plane\seu_beat_plane\debug\cphoto.obj
c:\users\rachelgardner\desktop\seu_beat_plane final\seu_beat_plane\seu_beat_plane\debug\cgamecontroler.obj
c:\users\rachelgardner\desktop\seu_beat_plane final\seu_beat_plane\seu_beat_plane\debug\cexplosion.obj
c:\users\rachelgardner\desktop\seu_beat_plane final\seu_beat_plane\seu_beat_plane\debug\cenemyplane.obj
c:\users\rachelgardner\desktop\seu_beat_plane final\seu_beat_plane\seu_beat_plane\debug\cenemybullet.obj
c:\users\rachelgardner\desktop\seu_beat_plane final\seu_beat_plane\seu_beat_plane\debug\cbullet.obj
c:\users\rachelgardner\desktop\seu_beat_plane final\seu_beat_plane\seu_beat_plane\debug\seu_beat_plane.obj
c:\users\rachelgardner\desktop\seu_beat_plane final\seu_beat_plane\seu_beat_plane\debug\cusertrackerbullet.obj
c:\users\rachelgardner\desktop\seu_beat_plane final\seu_beat_plane\seu_beat_plane\debug\cenemybomberplane.obj
c:\users\rachelgardner\desktop\seu_beat_plane final\seu_beat_plane\seu_beat_plane\debug\cgift.obj
c:\users\rachelgardner\desktop\seu_beat_plane final\seu_beat_plane\seu_beat_plane\debug\cenemytrackerplane.obj
c:\users\rachelgardner\desktop\seu_beat_plane final\seu_beat_plane\seu_beat_plane\debug\ctrackerbullet.obj
c:\users\rachelgardner\desktop\seu_beat_plane final\seu_beat_plane\seu_beat_plane\debug\cpicture.obj
c:\users\rachelgardner\desktop\seu_beat_plane final\seu_beat_plane\seu_beat_plane\debug\cgamestart.obj
c:\users\rachelgardner\desktop\seu_beat_plane final\seu_beat_plane\seu_beat_plane\debug\cbigboss.obj
c:\users\lymei\desktop\seu_beat_plane final\seu_beat_plane\debug\seu_beat_plane.exe
c:\users\lymei\desktop\seu_beat_plane final\seu_beat_plane\debug\seu_beat_plane.ilk
c:\users\lymei\desktop\seu_beat_plane final\seu_beat_plane\debug\seu_beat_plane.pdb
c:\users\rachelgardner\desktop\seu_beat_plane final\seu_beat_plane\debug\seu_beat_plane.exe
c:\users\rachelgardner\desktop\seu_beat_plane final\seu_beat_plane\debug\seu_beat_plane.ilk
c:\users\rachelgardner\desktop\seu_beat_plane final\seu_beat_plane\debug\seu_beat_plane.pdb
c:\users\rachelgardner\desktop\seu_beat_plane final\seu_beat_plane\seu_beat_plane\debug\seu_beat_plane.res
c:\users\rachelgardner\desktop\seu_beat_plane final\seu_beat_plane\seu_beat_plane\debug\cenemyboss.obj
c:\users\rachelgardner\desktop\seu_beat_plane final\seu_beat_plane\seu_beat_plane\debug\cenemytrackerbullet.obj
c:\users\rachelgardner\desktop\seu_beat_plane final\seu_beat_plane\seu_beat_plane\debug\seu_beat_plane.tlog\cl.command.1.tlog
c:\users\rachelgardner\desktop\seu_beat_plane final\seu_beat_plane\seu_beat_plane\debug\seu_beat_plane.tlog\cl.read.1.tlog
c:\users\rachelgardner\desktop\seu_beat_plane final\seu_beat_plane\seu_beat_plane\debug\seu_beat_plane.tlog\cl.write.1.tlog
c:\users\rachelgardner\desktop\seu_beat_plane final\seu_beat_plane\seu_beat_plane\debug\seu_beat_plane.tlog\link.command.1.tlog
c:\users\rachelgardner\desktop\seu_beat_plane final\seu_beat_plane\seu_beat_plane\debug\seu_beat_plane.tlog\link.read.1.tlog
c:\users\rachelgardner\desktop\seu_beat_plane final\seu_beat_plane\seu_beat_plane\debug\seu_beat_plane.tlog\link.write.1.tlog
c:\users\rachelgardner\desktop\seu_beat_plane final\seu_beat_plane\seu_beat_plane\debug\seu_beat_plane.tlog\rc.command.1.tlog
c:\users\rachelgardner\desktop\seu_beat_plane final\seu_beat_plane\seu_beat_plane\debug\seu_beat_plane.tlog\rc.read.1.tlog
c:\users\rachelgardner\desktop\seu_beat_plane final\seu_beat_plane\seu_beat_plane\debug\seu_beat_plane.tlog\rc.write.1.tlog
